<?xml version="1.0" encoding="UTF-8"?>
<!-- Generated by org.testng.reporters.JUnitReportReporter -->
<testsuite hostname="5CG1265QHJ" failures="0" tests="1" name="resources.ExtentReporterNG" time="5.432" errors="0" timestamp="2022-03-18T18:20:11 IST" skipped="0">
  <testcase classname="resources.ExtentReporterNG" name="initialDemo" time="5.432"/>
  <system-out/>
</testsuite> <!-- resources.ExtentReporterNG -->
