<?xml version="1.0" encoding="UTF-8"?>
<!-- Generated by org.testng.reporters.JUnitReportReporter -->
<testsuite hostname="5CG1265QHJ" failures="0" tests="1" name="pageObjects.ValidateNavigationBar" time="22.351" errors="0" timestamp="2022-03-13T19:54:50 IST" skipped="0">
  <testcase classname="pageObjects.ValidateNavigationBar" name="basePageNavigation" time="22.351"/>
  <system-out/>
</testsuite> <!-- pageObjects.ValidateNavigationBar -->
