<?xml version="1.0" encoding="UTF-8"?>
<!-- Generated by org.testng.reporters.JUnitReportReporter -->
<testsuite hostname="5CG1265QHJ" failures="0" tests="1" name="pageObjects.ValidateTitle" time="31.010" errors="0" timestamp="2022-03-13T08:04:28 IST" skipped="0">
  <testcase classname="pageObjects.ValidateTitle" name="basePageNavigation" time="31.010"/>
  <system-out/>
</testsuite> <!-- pageObjects.ValidateTitle -->
