<?xml version="1.0" encoding="UTF-8"?>
<!-- Generated by org.testng.reporters.JUnitReportReporter -->
<testsuite hostname="5CG1265QHJ" failures="0" tests="2" name="Academy.ValidateTitle" time="0.110" errors="0" timestamp="2022-04-10T09:03:02 IST" skipped="0">
  <testcase classname="Academy.ValidateTitle" name="validateAppTitle" time="0.087"/>
  <system-out/>
  <testcase classname="Academy.ValidateTitle" name="validateheader" time="0.023"/>
  <system-out/>
</testsuite> <!-- Academy.ValidateTitle -->
